<?xml version="1.0" encoding="UTF-8"?>
<!-- Generated by org.testng.reporters.JUnitXMLReporter -->
<testsuite ignored="1" hostname="DESKTOP-I0JKDSF" failures="0" tests="1" name="Surefire test" time="47.537" errors="0" timestamp="18 сент. 2021 13:59:58 GMT">
  <testcase classname="labTest.SumVerifyTest" name="givenFilter_whenTheMostExpensiveProductAddedToCart_thenTotalPriceLessThanBound" time="42.706"/>
  <testcase classname="labTest.SumVerifyTest" name="givenFilter_whenProductsPageSearch_thenSuccess" time="0.0">
    <ignored/>
  </testcase> <!-- givenFilter_whenProductsPageSearch_thenSuccess -->
</testsuite> <!-- Surefire test -->
